\BOOKMARK [1][-]{section*.1}{\376\377\000A\000b\000s\000t\000r\000a\000c\000t}{}% 1
\BOOKMARK [1][-]{section.1}{\376\377\0001\000\040\000I\000n\000t\000r\000o\000d\000u\000c\000t\000i\000o\000n}{}% 2
\BOOKMARK [1][-]{section.2}{\376\377\0002\000\040\000B\000a\000t\000\040\000A\000l\000g\000o\000r\000i\000t\000h\000m}{}% 3
\BOOKMARK [1][-]{section.3}{\376\377\0003\000\040\000D\000i\000s\000t\000r\000i\000b\000u\000t\000e\000d\000\040\000B\000a\000t\000\040\000A\000l\000g\000o\000r\000i\000t\000h\000m}{}% 4
\BOOKMARK [2][-]{subsection.3.1}{\376\377\0003\000.\0001\000\040\000k\000-\000N\000e\000a\000r\000e\000s\000t\000\040\000N\000e\000i\000g\000h\000b\000o\000r\000\040\000B\000a\000t\000\040\000A\000l\000g\000o\000r\000i\000t\000h\000m}{section.3}% 5
\BOOKMARK [2][-]{subsection.3.2}{\376\377\0003\000.\0002\000\040\000N\000o\000v\000e\000l\000t\000y\000\040\000S\000e\000a\000r\000c\000h\000-\000b\000a\000s\000e\000d\000\040\000B\000a\000t\000\040\000A\000l\000g\000o\000r\000i\000t\000h\000m}{section.3}% 6
\BOOKMARK [2][-]{subsection.3.3}{\376\377\0003\000.\0003\000\040\000C\000o\000m\000p\000a\000r\000i\000o\000n\000\040\000w\000i\000t\000h\000\040\000k\000-\000N\000N\000B\000A\000\040\000a\000n\000d\000\040\000N\000S\000B\000A}{section.3}% 7
\BOOKMARK [1][-]{section.4}{\376\377\0004\000\040\000M\000u\000l\000t\000i\000m\000o\000d\000a\000l\000\040\000F\000u\000n\000c\000t\000i\000o\000n}{}% 8
\BOOKMARK [2][-]{subsection.4.1}{\376\377\0004\000.\0001\000\040\000G\000r\000i\000e\000w\000a\000n\000k\000\040\000F\000u\000n\000c\000t\000i\000o\000n}{section.4}% 9
\BOOKMARK [2][-]{subsection.4.2}{\376\377\0004\000.\0002\000\040\000R\000a\000s\000t\000r\000i\000g\000i\000n\000\040\000F\000u\000n\000c\000t\000i\000o\000n}{section.4}% 10
\BOOKMARK [1][-]{section.5}{\376\377\0005\000\040\000E\000x\000p\000e\000r\000i\000m\000e\000n\000t}{}% 11
\BOOKMARK [2][-]{subsection.5.1}{\376\377\0005\000.\0001\000\040\000E\000v\000a\000l\000u\000a\000t\000i\000o\000n\000\040\000C\000r\000i\000t\000e\000r\000i\000a}{section.5}% 12
\BOOKMARK [2][-]{subsection.5.2}{\376\377\0005\000.\0002\000\040\000E\000x\000p\000e\000r\000i\000m\000e\000n\000t\000a\000l\000\040\000P\000a\000r\000a\000m\000e\000t\000e\000r}{section.5}% 13
\BOOKMARK [2][-]{subsection.5.3}{\376\377\0005\000.\0003\000\040\000R\000e\000s\000u\000l\000t}{section.5}% 14
\BOOKMARK [1][-]{section.6}{\376\377\0006\000\040\000D\000i\000s\000c\000u\000s\000s\000i\000o\000n}{}% 15
\BOOKMARK [2][-]{subsection.6.1}{\376\377\0006\000.\0001\000\040\000k\000-\000N\000N\000B\000A\000\040\000v\000s\000\040\000N\000S\000B\000A}{section.6}% 16
\BOOKMARK [2][-]{subsection.6.2}{\376\377\0006\000.\0002\000\040\000E\000x\000i\000s\000t\000e\000n\000c\000e\000\040\000o\000r\000\040\000n\000o\000n\000e\000x\000i\000s\000t\000e\000n\000c\000e\000\040\000o\000f\000\040\000x\000r\000n\000d}{section.6}% 17
\BOOKMARK [2][-]{subsection.6.3}{\376\377\0006\000.\0003\000\040\000D\000i\000f\000f\000e\000r\000e\000n\000c\000e\000s\000\040\000i\000n\000\040\000x\000i\000t\000-\0001\000\040\000a\000n\000d\000\040\000x\000i\000*}{section.6}% 18
\BOOKMARK [1][-]{section.7}{\376\377\0007\000\040\000C\000o\000n\000c\000l\000u\000s\000i\000o\000n}{}% 19
\BOOKMARK [1][-]{section*.18}{\376\377\000A\000c\000k\000n\000o\000w\000l\000e\000d\000g\000m\000e\000n\000t\000s}{}% 20
\BOOKMARK [1][-]{section*.20}{\376\377\000R\000e\000f\000e\000r\000e\000n\000c\000e\000s}{}% 21
