This is e-pTeX, Version 3.14159265-p3.6-141210-2.6 (sjis) (TeX Live 2015/W32TeX) (preloaded format=platex 2015.3.16)  29 JAN 2016 19:48
entering extended mode
 restricted \write18 enabled.
 %&-line parsing enabled.
**ref.tex platex.exe -no-guess-input-enc -kanji=utf8 -synctex=1 -interaction=no
nstopmode -jobname=ref ref.tex uplatex.exe -no-guess-input-enc -kanji=utf8 -syn
ctex=1 -interaction=nonstopmode ref.tex latex.exe -synctex=1 -interaction=nonst
opmode ref.tex

! Emergency stop.
<*> ref.tex 
            platex.exe -no-guess-input-enc -kanji=utf8 -synctex=1 -interacti...
*** (job aborted, file error in nonstop mode)

 
Here is how much of TeX's memory you used:
 2 strings out of 493797
 10 string characters out of 6153344
 53202 words of memory out of 5000000
 3573 multiletter control sequences out of 15000+600000
 7511 words of font info for 31 fonts, out of 8000000 for 9000
 929 hyphenation exceptions out of 8191
 0i,0n,0p,1b,6s stack positions out of 5000i,500n,10000p,500000b,80000s
No pages of output.
