This is e-pTeX, Version 3.14159265-p3.7.1-161114-2.6 (utf8.sjis) (TeX Live 2017/W32TeX) (preloaded format=platex 2017.4.9)  14 OCT 2017 10:24
entering extended mode
 restricted \write18 enabled.
 %&-line parsing enabled.
**./sample03.tex
(./sample03.tex
pLaTeX2e <2016/11/29> (based on LaTeX2e <2017/01/01> patch level 3)
Babel <3.9r> and hyphenation patterns for 83 language(s) loaded.
(c:/w32tex/share/texmf-dist/tex/platex/base/jarticle.cls
Document Class: jarticle 2016/11/22 v1.7b Standard pLaTeX class
\c@@paper=\count82
(c:/w32tex/share/texmf-dist/tex/platex/base/jsize10.clo
File: jsize10.clo 2016/11/22 v1.7b Standard pLaTeX file (size option)
)
\c@part=\count83
\c@section=\count84
\c@subsection=\count85
\c@subsubsection=\count86
\c@paragraph=\count87
\c@subparagraph=\count88
\c@figure=\count89
\c@table=\count90
\abovecaptionskip=\skip41
\belowcaptionskip=\skip42
\symmincho=\mathgroup4
LaTeX Font Info:    Overwriting symbol font `mincho' in version `bold'
(Font)                  JY1/mc/m/n --> JY1/gt/m/n on input line 579.
\toclineskip=\dimen118
\@lnumwidth=\dimen119
\bibindent=\dimen120
\heisei=\count91
) (./SICE-SSI.sty
Document Style Option `SICE-SSI.sty' <April 28, 2011>
) (c:/w32tex/share/texmf-dist/tex/latex/graphics/graphicx.sty
Package: graphicx 2014/10/28 v1.0g Enhanced LaTeX Graphics (DPC,SPQR)

(c:/w32tex/share/texmf-dist/tex/latex/graphics/keyval.sty
Package: keyval 2014/10/28 v1.15 key=value parser (DPC)
\KV@toks@=\toks15
)
(c:/w32tex/share/texmf-dist/tex/latex/graphics/graphics.sty
Package: graphics 2016/10/09 v1.0u Standard LaTeX Graphics (DPC,SPQR)

(c:/w32tex/share/texmf-dist/tex/latex/graphics/trig.sty
Package: trig 2016/01/03 v1.10 sin cos tan (DPC)
)
(c:/w32tex/share/texmf-dist/tex/latex/graphics-cfg/graphics.cfg
File: graphics.cfg 2016/06/04 v1.11 sample graphics configuration
)
Package graphics Info: Driver file: dvipdfmx.def on input line 99.

(c:/w32tex/share/texmf-dist/tex/latex/graphics-def/dvipdfmx.def
File: dvipdfmx.def 2016/07/11 v4.12 LaTeX color/graphics driver for dvipdfmx (L
3/ChoF)
))
\Gin@req@height=\dimen121
\Gin@req@width=\dimen122
)
(c:/w32tex/share/texmf-dist/tex/latex/tools/multicol.sty
Package: multicol 2016/04/07 v1.8p multicolumn formatting (FMi)
\c@tracingmulticols=\count92
\mult@box=\box41
\multicol@leftmargin=\dimen123
\c@unbalance=\count93
\c@collectmore=\count94
\doublecol@number=\count95
\multicoltolerance=\count96
\multicolpretolerance=\count97
\full@width=\dimen124
\page@free=\dimen125
\premulticols=\dimen126
\postmulticols=\dimen127
\multicolsep=\skip43
\multicolbaselineskip=\skip44
\partial@page=\box42
\last@line=\box43
\maxbalancingoverflow=\dimen128
\mult@rightbox=\box44
\mult@grightbox=\box45
\mult@gfirstbox=\box46
\mult@firstbox=\box47
\@tempa=\box48
\@tempa=\box49
\@tempa=\box50
\@tempa=\box51
\@tempa=\box52
\@tempa=\box53
\@tempa=\box54
\@tempa=\box55
\@tempa=\box56
\@tempa=\box57
\@tempa=\box58
\@tempa=\box59
\@tempa=\box60
\@tempa=\box61
\@tempa=\box62
\@tempa=\box63
\@tempa=\box64
\c@columnbadness=\count98
\c@finalcolumnbadness=\count99
\last@try=\dimen129
\multicolovershoot=\dimen130
\multicolundershoot=\dimen131
\mult@nat@firstbox=\box65
\colbreak@box=\box66
\mc@col@check@num=\count100
) (./sample03.aux)
\openout1 = `sample03.aux'.

LaTeX Font Info:    Checking defaults for OML/cmm/m/it on input line 31.
LaTeX Font Info:    ... okay on input line 31.
LaTeX Font Info:    Checking defaults for T1/cmr/m/n on input line 31.
LaTeX Font Info:    ... okay on input line 31.
LaTeX Font Info:    Checking defaults for OT1/cmr/m/n on input line 31.
LaTeX Font Info:    ... okay on input line 31.
LaTeX Font Info:    Checking defaults for OMS/cmsy/m/n on input line 31.
LaTeX Font Info:    ... okay on input line 31.
LaTeX Font Info:    Checking defaults for OMX/cmex/m/n on input line 31.
LaTeX Font Info:    ... okay on input line 31.
LaTeX Font Info:    Checking defaults for U/cmr/m/n on input line 31.
LaTeX Font Info:    ... okay on input line 31.
LaTeX Font Info:    Checking defaults for JY1/mc/m/n on input line 31.
LaTeX Font Info:    ... okay on input line 31.
LaTeX Font Info:    Checking defaults for JT1/mc/m/n on input line 31.
LaTeX Font Info:    ... okay on input line 31.
LaTeX Font Info:    Font shape `JT1/mc/bx/n' in size <17.28> not available
(Font)              Font shape `JT1/gt/m/n' tried instead on input line 45.
LaTeX Font Info:    Font shape `JY1/mc/bx/n' in size <17.28> not available
(Font)              Font shape `JY1/gt/m/n' tried instead on input line 45.
LaTeX Font Info:    Font shape `JT1/mc/bx/n' in size <9> not available
(Font)              Font shape `JT1/gt/m/n' tried instead on input line 45.
LaTeX Font Info:    Font shape `JY1/mc/bx/n' in size <9> not available
(Font)              Font shape `JY1/gt/m/n' tried instead on input line 45.
LaTeX Font Info:    External font `cmex10' loaded for size
(Font)              <9> on input line 45.
LaTeX Font Info:    External font `cmex10' loaded for size
(Font)              <6> on input line 45.
LaTeX Font Info:    External font `cmex10' loaded for size
(Font)              <5> on input line 45.
LaTeX Font Info:    Font shape `JT1/mc/bx/n' in size <12> not available
(Font)              Font shape `JT1/gt/m/n' tried instead on input line 48.
LaTeX Font Info:    Font shape `JY1/mc/bx/n' in size <12> not available
(Font)              Font shape `JY1/gt/m/n' tried instead on input line 48.
LaTeX Font Info:    External font `cmex10' loaded for size
(Font)              <7> on input line 52.

Underfull \vbox (badness 1540) has occurred while \output is active []

LaTeX Font Info:    Font shape `JT1/mc/bx/n' in size <10> not available
(Font)              Font shape `JT1/gt/m/n' tried instead on input line 75.
LaTeX Font Info:    Font shape `JY1/mc/bx/n' in size <10> not available
(Font)              Font shape `JY1/gt/m/n' tried instead on input line 75.
 [1



]
Underfull \hbox (badness 10000) in paragraph at lines 106--134
[]\JY1/mc/m/n/10 従来 \OT1/cmr/m/n/10 BA \JY1/mc/m/n/10 アルゴリズムの疑似コ ー
ドを \OT1/cmr/m/n/10 Al-
 []


Underfull \hbox (badness 10000) in paragraph at lines 106--134
\OT1/cmr/m/n/10 go-rithm 1 \JY1/mc/m/n/10 に記す． \OT1/cmr/m/n/10 Al-go-rithm 
1 \JY1/mc/m/n/10 において ，
 []


Underfull \hbox (badness 2735) in paragraph at lines 106--134
\OML/cmm/m/it/10 Max number of iterations$ \JY1/mc/m/n/10 は最大の学習回数 ，
 []


Overfull \hbox (1.77339pt too wide) in paragraph at lines 106--134
[][][][] 
 []

LaTeX Font Info:    Try loading font information for OMS+cmr on input line 165.

(c:/w32tex/share/texmf-dist/tex/latex/base/omscmr.fd
File: omscmr.fd 2014/09/29 v2.5h Standard LaTeX font definitions
)
LaTeX Font Info:    Font shape `OMS/cmr/m/n' in size <10> not available
(Font)              Font shape `OMS/cmsy/m/n' tried instead on input line 165.
 [2]
Overfull \hbox (10.52725pt too wide) in paragraph at lines 181--212
[][][] 
 []


LaTeX Warning: Reference `(eq:function)' on page 3 undefined on input line 224.


File: Griewank.bmp Graphic file (type bmp)
<Griewank.bmp>
File: Griewank_z.bmp Graphic file (type bmp)
 <Griewank_z.bmp>
Underfull \vbox (badness 6927) has occurred while \output is active []

 [3]
File: o_pbest.bmp Graphic file (type bmp)

<o_pbest.bmp>
File: s_pbest.bmp Graphic file (type bmp)
 <s_pbest.bmp>

LaTeX Warning: `h' float specifier changed to `ht'.

File: obat01.bmp Graphic file (type bmp)
<obat01.bmp>
Overfull \hbox (20.51482pt too wide) in paragraph at lines 284--285
 [] 
 []

File: sbat01.bmp Graphic file (type bmp)
<sbat01.bmp>
Overfull \hbox (20.51482pt too wide) in paragraph at lines 290--291
 [] 
 []


LaTeX Warning: `h' float specifier changed to `ht'.

File: gbest.bmp Graphic file (type bmp)
<gbest.bmp>

LaTeX Warning: `h' float specifier changed to `ht'.

[4]
File: sbat_200.bmp Graphic file (type bmp)
 <sbat_200.bmp>
Overfull \hbox (21.2185pt too wide) in paragraph at lines 355--356
 [] 
 []

File: sbat01.bmp Graphic file (type bmp)
<sbat01.bmp>
Overfull \hbox (36.12408pt too wide) in paragraph at lines 361--362
 [] 
 []

File: iterations.bmp Graphic file (type bmp)
<iterations.bmp>

LaTeX Warning: `h' float specifier changed to `ht'.

File: population.bmp Graphic file (type bmp)
<population.bmp>

LaTeX Warning: `h' float specifier changed to `ht'.

File: sbat01_n10.bmp Graphic file (type bmp)
<sbat01_n10.bmp>
Overfull \hbox (16.70166pt too wide) in paragraph at lines 394--395
 [] 
 []

File: sbat01_n40.bmp Graphic file (type bmp)
<sbat01_n40.bmp>
Overfull \hbox (17.60503pt too wide) in paragraph at lines 400--401
 [] 
 []


LaTeX Warning: `h' float specifier changed to `ht'.

File: sbat01.bmp Graphic file (type bmp)
<sbat01.bmp>
Overfull \hbox (36.12408pt too wide) in paragraph at lines 415--416
 [] 
 []

File: sbat03_n20.bmp Graphic file (type bmp)
<sbat03_n20.bmp>
Overfull \hbox (24.83197pt too wide) in paragraph at lines 421--422
 [] 
 []


LaTeX Warning: `h' float specifier changed to `ht'.

File: sbat01_n10_pbest.bmp Graphic file (type bmp)
<sbat01_n10_pbest.bmp>

LaTeX Warning: `h' float specifier changed to `ht'.

File: sbat01_n40_pbest.bmp Graphic file (type bmp)
<sbat01_n40_pbest.bmp>

LaTeX Warning: `h' float specifier changed to `ht'.

File: sbat03_n20_pbest.bmp Graphic file (type bmp)
<sbat03_n20_pbest.bmp>
Underfull \vbox (badness 10000) has occurred while \output is active []

 [5]
[6] (./sample03.aux)

LaTeX Warning: There were undefined references.

 ) 
Here is how much of TeX's memory you used:
 916 strings out of 493671
 11909 string characters out of 6151255
 83103 words of memory out of 5000000
 4493 multiletter control sequences out of 15000+600000
 13287 words of font info for 52 fonts, out of 8000000 for 9000
 929 hyphenation exceptions out of 8191
 25i,11n,22p,941b,484s stack positions out of 5000i,500n,10000p,500000b,80000s

Output written on sample03.dvi (6 pages, 47436 bytes).
